Info: Starting: Create HDL design files for synthesis
Info: qsys-generate /home/milly/Downloads/PIO_loopback/verilog/Computer_System.qsys --synthesis=VERILOG --output-directory=/home/milly/Downloads/PIO_loopback/verilog/Computer_System/synthesis --family="Cyclone V" --part=5CSEMA5F31C6
Progress: Loading verilog/Computer_System.qsys
Progress: Reading input file
Progress: Adding ARM_A9_HPS [altera_hps 18.1]
Progress: Parameterizing module ARM_A9_HPS
Progress: Adding System_PLL [altera_up_avalon_sys_sdram_pll 18.0]
Progress: Parameterizing module System_PLL
Progress: Adding my_port_a [altera_avalon_pio 18.1]
Progress: Parameterizing module my_port_a
Progress: Adding my_port_b [altera_avalon_pio 18.1]
Progress: Parameterizing module my_port_b
Progress: Adding parallel_port_in_axi [altera_up_avalon_parallel_port 18.0]
Progress: Parameterizing module parallel_port_in_axi
Progress: Adding parallel_port_in_lw_axi [altera_up_avalon_parallel_port 18.0]
Progress: Parameterizing module parallel_port_in_lw_axi
Progress: Adding parallel_port_out_axi [altera_up_avalon_parallel_port 18.0]
Progress: Parameterizing module parallel_port_out_axi
Progress: Adding parallel_port_out_lw_axi [altera_up_avalon_parallel_port 18.0]
Progress: Parameterizing module parallel_port_out_lw_axi
Progress: Adding result [altera_avalon_pio 18.1]
Progress: Parameterizing module result
Progress: Building connections
Progress: Parameterizing connections
Progress: Validating
Progress: Done reading input file
Info: Computer_System.ARM_A9_HPS: HPS Main PLL counter settings: n = 0  m = 73
Info: Computer_System.ARM_A9_HPS: HPS peripherial PLL counter settings: n = 0  m = 39
Warning: Computer_System.ARM_A9_HPS: "Configuration/HPS-to-FPGA user 0 clock frequency" (desired_cfg_clk_mhz) requested 100.0 MHz, but only achieved 97.368421 MHz
Warning: Computer_System.ARM_A9_HPS: "QSPI clock frequency" (desired_qspi_clk_mhz) requested 400.0 MHz, but only achieved 370.0 MHz
Warning: Computer_System.ARM_A9_HPS: 1 or more output clock frequencies cannot be achieved precisely, consider revising desired output clock frequencies.
Info: Computer_System.System_PLL: Refclk Freq: 50.0
Info: Computer_System.result: PIO inputs are not hardwired in test bench. Undefined values will be read from PIO inputs during simulation.
Info: Computer_System: Generating Computer_System "Computer_System" for QUARTUS_SYNTH
Warning: ARM_A9_HPS.f2h_irq0: Cannot connect clock for irq_mapper.sender
Warning: ARM_A9_HPS.f2h_irq0: Cannot connect reset for irq_mapper.sender
Warning: ARM_A9_HPS.f2h_irq1: Cannot connect clock for irq_mapper_001.sender
Warning: ARM_A9_HPS.f2h_irq1: Cannot connect reset for irq_mapper_001.sender
Info: ARM_A9_HPS: "Running  for module: ARM_A9_HPS"
Info: ARM_A9_HPS: HPS Main PLL counter settings: n = 0  m = 73
Info: ARM_A9_HPS: HPS peripherial PLL counter settings: n = 0  m = 39
Warning: ARM_A9_HPS: "Configuration/HPS-to-FPGA user 0 clock frequency" (desired_cfg_clk_mhz) requested 100.0 MHz, but only achieved 97.368421 MHz
Warning: ARM_A9_HPS: "QSPI clock frequency" (desired_qspi_clk_mhz) requested 400.0 MHz, but only achieved 370.0 MHz
Warning: ARM_A9_HPS: 1 or more output clock frequencies cannot be achieved precisely, consider revising desired output clock frequencies.
Info: ARM_A9_HPS: "Computer_System" instantiated altera_hps "ARM_A9_HPS"
Info: System_PLL: "Computer_System" instantiated altera_up_avalon_sys_sdram_pll "System_PLL"
Info: my_port_a: Starting RTL generation for module 'Computer_System_my_port_a'
Info: my_port_a:   Generation command is [exec /home/milly/intelFPGA_lite/18.1/quartus/linux64/perl/bin/perl -I /home/milly/intelFPGA_lite/18.1/quartus/linux64/perl/lib -I /home/milly/intelFPGA_lite/18.1/quartus/sopc_builder/bin/europa -I /home/milly/intelFPGA_lite/18.1/quartus/sopc_builder/bin/perl_lib -I /home/milly/intelFPGA_lite/18.1/quartus/sopc_builder/bin -I /home/milly/intelFPGA_lite/18.1/quartus/../ip/altera/sopc_builder_ip/common -I /home/milly/intelFPGA_lite/18.1/quartus/../ip/altera/sopc_builder_ip/altera_avalon_pio -- /home/milly/intelFPGA_lite/18.1/quartus/../ip/altera/sopc_builder_ip/altera_avalon_pio/generate_rtl.pl --name=Computer_System_my_port_a --dir=/tmp/alt0156_5915800885849594517.dir/0002_my_port_a_gen/ --quartus_dir=/home/milly/intelFPGA_lite/18.1/quartus --verilog --config=/tmp/alt0156_5915800885849594517.dir/0002_my_port_a_gen//Computer_System_my_port_a_component_configuration.pl  --do_build_sim=0  ]
Info: my_port_a: Done RTL generation for module 'Computer_System_my_port_a'
Info: my_port_a: "Computer_System" instantiated altera_avalon_pio "my_port_a"
Info: result: Starting RTL generation for module 'Computer_System_result'
Info: result:   Generation command is [exec /home/milly/intelFPGA_lite/18.1/quartus/linux64/perl/bin/perl -I /home/milly/intelFPGA_lite/18.1/quartus/linux64/perl/lib -I /home/milly/intelFPGA_lite/18.1/quartus/sopc_builder/bin/europa -I /home/milly/intelFPGA_lite/18.1/quartus/sopc_builder/bin/perl_lib -I /home/milly/intelFPGA_lite/18.1/quartus/sopc_builder/bin -I /home/milly/intelFPGA_lite/18.1/quartus/../ip/altera/sopc_builder_ip/common -I /home/milly/intelFPGA_lite/18.1/quartus/../ip/altera/sopc_builder_ip/altera_avalon_pio -- /home/milly/intelFPGA_lite/18.1/quartus/../ip/altera/sopc_builder_ip/altera_avalon_pio/generate_rtl.pl --name=Computer_System_result --dir=/tmp/alt0156_5915800885849594517.dir/0003_result_gen/ --quartus_dir=/home/milly/intelFPGA_lite/18.1/quartus --verilog --config=/tmp/alt0156_5915800885849594517.dir/0003_result_gen//Computer_System_result_component_configuration.pl  --do_build_sim=0  ]
Info: result: Done RTL generation for module 'Computer_System_result'
Info: result: "Computer_System" instantiated altera_avalon_pio "result"
Info: avalon_st_adapter: Inserting error_adapter: error_adapter_0
Info: avalon_st_adapter_001: Inserting error_adapter: error_adapter_0
Info: avalon_st_adapter_002: Inserting error_adapter: error_adapter_0
Info: mm_interconnect_0: "Computer_System" instantiated altera_mm_interconnect "mm_interconnect_0"
Info: irq_mapper: "Computer_System" instantiated altera_irq_mapper "irq_mapper"
Info: rst_controller: "Computer_System" instantiated altera_reset_controller "rst_controller"
Info: fpga_interfaces: "ARM_A9_HPS" instantiated altera_interface_generator "fpga_interfaces"
Info: hps_io: "ARM_A9_HPS" instantiated altera_hps_io "hps_io"
Info: sys_pll: "System_PLL" instantiated altera_pll "sys_pll"
Info: reset_from_locked: "System_PLL" instantiated altera_up_avalon_reset_from_locked_signal "reset_from_locked"
Info: my_port_a_s1_translator: "mm_interconnect_0" instantiated altera_merlin_slave_translator "my_port_a_s1_translator"
Info: ARM_A9_HPS_h2f_axi_master_agent: "mm_interconnect_0" instantiated altera_merlin_axi_master_ni "ARM_A9_HPS_h2f_axi_master_agent"
Info: my_port_a_s1_agent: "mm_interconnect_0" instantiated altera_merlin_slave_agent "my_port_a_s1_agent"
Info: my_port_a_s1_agent_rsp_fifo: "mm_interconnect_0" instantiated altera_avalon_sc_fifo "my_port_a_s1_agent_rsp_fifo"
Info: router: "mm_interconnect_0" instantiated altera_merlin_router "router"
Info: router_002: "mm_interconnect_0" instantiated altera_merlin_router "router_002"
Info: ARM_A9_HPS_h2f_axi_master_wr_limiter: "mm_interconnect_0" instantiated altera_merlin_traffic_limiter "ARM_A9_HPS_h2f_axi_master_wr_limiter"
Info: Reusing file /home/milly/Downloads/PIO_loopback/verilog/Computer_System/synthesis/submodules/altera_avalon_sc_fifo.v
Info: my_port_a_s1_burst_adapter: "mm_interconnect_0" instantiated altera_merlin_burst_adapter "my_port_a_s1_burst_adapter"
Info: Reusing file /home/milly/Downloads/PIO_loopback/verilog/Computer_System/synthesis/submodules/altera_merlin_address_alignment.sv
Info: Reusing file /home/milly/Downloads/PIO_loopback/verilog/Computer_System/synthesis/submodules/altera_avalon_st_pipeline_base.v
Info: cmd_demux: "mm_interconnect_0" instantiated altera_merlin_demultiplexer "cmd_demux"
Info: cmd_mux: "mm_interconnect_0" instantiated altera_merlin_multiplexer "cmd_mux"
Info: rsp_demux: "mm_interconnect_0" instantiated altera_merlin_demultiplexer "rsp_demux"
Info: rsp_mux: "mm_interconnect_0" instantiated altera_merlin_multiplexer "rsp_mux"
Info: Reusing file /home/milly/Downloads/PIO_loopback/verilog/Computer_System/synthesis/submodules/altera_merlin_arbitrator.sv
Info: my_port_a_s1_rsp_width_adapter: "mm_interconnect_0" instantiated altera_merlin_width_adapter "my_port_a_s1_rsp_width_adapter"
Info: Reusing file /home/milly/Downloads/PIO_loopback/verilog/Computer_System/synthesis/submodules/altera_merlin_address_alignment.sv
Info: Reusing file /home/milly/Downloads/PIO_loopback/verilog/Computer_System/synthesis/submodules/altera_merlin_burst_uncompressor.sv
Info: avalon_st_adapter: "mm_interconnect_0" instantiated altera_avalon_st_adapter "avalon_st_adapter"
Info: border: "hps_io" instantiated altera_interface_generator "border"
Info: error_adapter_0: "avalon_st_adapter" instantiated error_adapter "error_adapter_0"
Info: Computer_System: Done "Computer_System" with 28 modules, 86 files
Info: qsys-generate succeeded.
Info: Finished: Create HDL design files for synthesis
