Info: Starting: Create HDL design files for synthesis
Info: qsys-generate G:\From_web_page\PIO_loopback\verilog\Computer_System.qsys --synthesis=VERILOG --output-directory=G:\From_web_page\PIO_loopback\verilog\Computer_System\synthesis --family="Cyclone V" --part=5CSEMA5F31C6
Progress: Loading verilog/Computer_System.qsys
Progress: Reading input file
Progress: Adding ARM_A9_HPS [altera_hps 15.0]
Progress: Parameterizing module ARM_A9_HPS
Progress: Adding System_PLL [altera_up_avalon_sys_sdram_pll 15.0]
Progress: Parameterizing module System_PLL
Progress: Adding parallel_port_in_axi [altera_up_avalon_parallel_port 15.0]
Progress: Parameterizing module parallel_port_in_axi
Progress: Adding parallel_port_in_lw_axi [altera_up_avalon_parallel_port 15.0]
Progress: Parameterizing module parallel_port_in_lw_axi
Progress: Adding parallel_port_out_axi [altera_up_avalon_parallel_port 15.0]
Progress: Parameterizing module parallel_port_out_axi
Progress: Adding parallel_port_out_lw_axi [altera_up_avalon_parallel_port 15.0]
Progress: Parameterizing module parallel_port_out_lw_axi
Progress: Building connections
Progress: Parameterizing connections
Progress: Validating
Progress: Done reading input file
Info: Computer_System.ARM_A9_HPS: HPS Main PLL counter settings: n = 0  m = 73
Info: Computer_System.ARM_A9_HPS: HPS peripherial PLL counter settings: n = 0  m = 39
Warning: Computer_System.ARM_A9_HPS: "Configuration/HPS-to-FPGA user 0 clock frequency" (desired_cfg_clk_mhz) requested 100.0 MHz, but only achieved 97.368421 MHz
Warning: Computer_System.ARM_A9_HPS: "QSPI clock frequency" (desired_qspi_clk_mhz) requested 400.0 MHz, but only achieved 370.0 MHz
Warning: Computer_System.ARM_A9_HPS: 1 or more output clock frequencies cannot be achieved precisely, consider revising desired output clock frequencies.
Info: Computer_System: Generating Computer_System "Computer_System" for QUARTUS_SYNTH
Warning: ARM_A9_HPS.f2h_irq0: Cannot connect clock for irq_mapper.sender
Warning: ARM_A9_HPS.f2h_irq0: Cannot connect reset for irq_mapper.sender
Warning: ARM_A9_HPS.f2h_irq1: Cannot connect clock for irq_mapper_001.sender
Warning: ARM_A9_HPS.f2h_irq1: Cannot connect reset for irq_mapper_001.sender
Info: ARM_A9_HPS: "Running  for module: ARM_A9_HPS"
Info: ARM_A9_HPS: HPS Main PLL counter settings: n = 0  m = 73
Info: ARM_A9_HPS: HPS peripherial PLL counter settings: n = 0  m = 39
Warning: ARM_A9_HPS: "Configuration/HPS-to-FPGA user 0 clock frequency" (desired_cfg_clk_mhz) requested 100.0 MHz, but only achieved 97.368421 MHz
Warning: ARM_A9_HPS: "QSPI clock frequency" (desired_qspi_clk_mhz) requested 400.0 MHz, but only achieved 370.0 MHz
Warning: ARM_A9_HPS: 1 or more output clock frequencies cannot be achieved precisely, consider revising desired output clock frequencies.
Info: ARM_A9_HPS: "Computer_System" instantiated altera_hps "ARM_A9_HPS"
Info: System_PLL: "Computer_System" instantiated altera_up_avalon_sys_sdram_pll "System_PLL"
Info: parallel_port_in_axi: Starting Generation of Parallel Port
Info: parallel_port_in_axi: "Computer_System" instantiated altera_up_avalon_parallel_port "parallel_port_in_axi"
Info: parallel_port_out_axi: Starting Generation of Parallel Port
Info: parallel_port_out_axi: "Computer_System" instantiated altera_up_avalon_parallel_port "parallel_port_out_axi"
Info: avalon_st_adapter: Inserting error_adapter: error_adapter_0
Info: avalon_st_adapter_001: Inserting error_adapter: error_adapter_0
Info: mm_interconnect_0: "Computer_System" instantiated altera_mm_interconnect "mm_interconnect_0"
Info: avalon_st_adapter: Inserting error_adapter: error_adapter_0
Info: avalon_st_adapter_001: Inserting error_adapter: error_adapter_0
Info: mm_interconnect_1: "Computer_System" instantiated altera_mm_interconnect "mm_interconnect_1"
Info: irq_mapper: "Computer_System" instantiated altera_irq_mapper "irq_mapper"
Info: rst_controller: "Computer_System" instantiated altera_reset_controller "rst_controller"
Info: fpga_interfaces: "ARM_A9_HPS" instantiated altera_interface_generator "fpga_interfaces"
Info: hps_io: "ARM_A9_HPS" instantiated altera_hps_io "hps_io"
Info: sys_pll: "System_PLL" instantiated altera_pll "sys_pll"
Info: reset_from_locked: "System_PLL" instantiated altera_up_avalon_reset_from_locked_signal "reset_from_locked"
Info: parallel_port_out_axi_avalon_parallel_port_slave_translator: "mm_interconnect_0" instantiated altera_merlin_slave_translator "parallel_port_out_axi_avalon_parallel_port_slave_translator"
Info: ARM_A9_HPS_h2f_axi_master_agent: "mm_interconnect_0" instantiated altera_merlin_axi_master_ni "ARM_A9_HPS_h2f_axi_master_agent"
Info: parallel_port_out_axi_avalon_parallel_port_slave_agent: "mm_interconnect_0" instantiated altera_merlin_slave_agent "parallel_port_out_axi_avalon_parallel_port_slave_agent"
Info: parallel_port_out_axi_avalon_parallel_port_slave_agent_rsp_fifo: "mm_interconnect_0" instantiated altera_avalon_sc_fifo "parallel_port_out_axi_avalon_parallel_port_slave_agent_rsp_fifo"
Info: router: "mm_interconnect_0" instantiated altera_merlin_router "router"
Info: router_002: "mm_interconnect_0" instantiated altera_merlin_router "router_002"
Info: ARM_A9_HPS_h2f_axi_master_wr_limiter: "mm_interconnect_0" instantiated altera_merlin_traffic_limiter "ARM_A9_HPS_h2f_axi_master_wr_limiter"
Info: Reusing file G:/From_web_page/PIO_loopback/verilog/Computer_System/synthesis/submodules/altera_avalon_sc_fifo.v
Info: parallel_port_out_axi_avalon_parallel_port_slave_burst_adapter: "mm_interconnect_0" instantiated altera_merlin_burst_adapter "parallel_port_out_axi_avalon_parallel_port_slave_burst_adapter"
Info: Reusing file G:/From_web_page/PIO_loopback/verilog/Computer_System/synthesis/submodules/altera_merlin_address_alignment.sv
Info: Reusing file G:/From_web_page/PIO_loopback/verilog/Computer_System/synthesis/submodules/altera_avalon_st_pipeline_base.v
Info: cmd_demux: "mm_interconnect_0" instantiated altera_merlin_demultiplexer "cmd_demux"
Info: cmd_mux: "mm_interconnect_0" instantiated altera_merlin_multiplexer "cmd_mux"
Info: rsp_demux: "mm_interconnect_0" instantiated altera_merlin_demultiplexer "rsp_demux"
Info: rsp_mux: "mm_interconnect_0" instantiated altera_merlin_multiplexer "rsp_mux"
Info: Reusing file G:/From_web_page/PIO_loopback/verilog/Computer_System/synthesis/submodules/altera_merlin_arbitrator.sv
Info: parallel_port_out_axi_avalon_parallel_port_slave_rsp_width_adapter: "mm_interconnect_0" instantiated altera_merlin_width_adapter "parallel_port_out_axi_avalon_parallel_port_slave_rsp_width_adapter"
Info: Reusing file G:/From_web_page/PIO_loopback/verilog/Computer_System/synthesis/submodules/altera_merlin_address_alignment.sv
Info: Reusing file G:/From_web_page/PIO_loopback/verilog/Computer_System/synthesis/submodules/altera_merlin_burst_uncompressor.sv
Info: avalon_st_adapter: "mm_interconnect_0" instantiated altera_avalon_st_adapter "avalon_st_adapter"
Info: router: "mm_interconnect_1" instantiated altera_merlin_router "router"
Info: router_002: "mm_interconnect_1" instantiated altera_merlin_router "router_002"
Info: cmd_demux: "mm_interconnect_1" instantiated altera_merlin_demultiplexer "cmd_demux"
Info: cmd_mux: "mm_interconnect_1" instantiated altera_merlin_multiplexer "cmd_mux"
Info: Reusing file G:/From_web_page/PIO_loopback/verilog/Computer_System/synthesis/submodules/altera_merlin_arbitrator.sv
Info: rsp_demux: "mm_interconnect_1" instantiated altera_merlin_demultiplexer "rsp_demux"
Info: rsp_mux: "mm_interconnect_1" instantiated altera_merlin_multiplexer "rsp_mux"
Info: Reusing file G:/From_web_page/PIO_loopback/verilog/Computer_System/synthesis/submodules/altera_merlin_arbitrator.sv
Info: border: "hps_io" instantiated altera_interface_generator "border"
Info: error_adapter_0: "avalon_st_adapter" instantiated error_adapter "error_adapter_0"
Info: Computer_System: Done "Computer_System" with 35 modules, 93 files
Info: ip-generate succeeded.
Info: Finished: Create HDL design files for synthesis
